#
# A fatal error has been detected by the Java Runtime Environment:
#
#  EXCEPTION_ACCESS_VIOLATION (0xc0000005) at pc=0x00007ff8b3e30065, pid=14156, tid=0x0000000000000614
#
# JRE version: Java(TM) SE Runtime Environment (8.0_131-b11) (build 1.8.0_131-b11)
# Java VM: Java HotSpot(TM) 64-Bit Server VM (25.131-b11 mixed mode windows-amd64 compressed oops)
# Problematic frame:
# C  [ig9icd64.dll+0x530065]
#
# Failed to write core dump. Minidumps are not enabled by default on client versions of Windows
#
# If you would like to submit a bug report, please visit:
#   http://bugreport.java.com/bugreport/crash.jsp
# The crash happened outside the Java Virtual Machine in native code.
# See problematic frame for where to report the bug.
#

---------------  T H R E A D  ---------------

Current thread (0x000000001f089000):  JavaThread "AWT-EventQueue-0" [_thread_in_native, id=1556, stack(0x000000001fa90000,0x000000001fb90000)]

siginfo: ExceptionCode=0xc0000005, writing address 0x00000000227ad000

Registers:
RAX=0x0000000000000000, RBX=0x0000000022520080, RCX=0x0000000000000fac, RDX=0x00000000225feaa0
RSP=0x000000001fb8dfa0, RBP=0x0000000000000010, RSI=0x0000000000000000, RDI=0x00000000227acffc
R8 =0x0000000000000010, R9 =0x00007ff8b3900000, R10=0x00000000268b5c30, R11=0x00000000268bbf78
R12=0x0000000000000000, R13=0x3fef4cfc327a036d, R14=0x0000000000000000, R15=0x000000001f089000
RIP=0x00007ff8b3e30065, EFLAGS=0x0000000000010246

Top of Stack: (sp=0x000000001fb8dfa0)
0x000000001fb8dfa0:   0000000022520080 000000002279d000
0x000000001fb8dfb0:   000000001f089000 0000000000000000
0x000000001fb8dfc0:   0000000000000010 00007ff8b3b897aa
0x000000001fb8dfd0:   0000000022520080 0000000000000059
0x000000001fb8dfe0:   000000000000001e 00000007c013c901
0x000000001fb8dff0:   0000000000000002 00007ff8b3b892d5
0x000000001fb8e000:   00000000267ea05c 0000000022520080
0x000000001fb8e010:   00000007c013c901 0000000000000000
0x000000001fb8e020:   000000001fb8e210 000000001fb8e160
0x000000001fb8e030:   0000000022520080 00007ff8b3aa3948
0x000000001fb8e040:   00000007c013c998 00000006c1818188
0x000000001fb8e050:   bfcacee943f33daa 3c56767343b04219
0x000000001fb8e060:   0000000022520080 00007ff8b39a38b3
0x000000001fb8e070:   bfcacee9f37bb389 3c5676733c000000
0x000000001fb8e080:   0000000440184b84 0000000000000000
0x000000001fb8e090:   00000006c1818188 00007ff8b3dfaaad 

Instructions: (pc=0x00007ff8b3e30065)
0x00007ff8b3e30045:   00 e8 55 a1 ae ff 83 83 70 f4 02 00 0c 8b 05 e8
0x00007ff8b3e30055:   c9 71 00 89 07 48 8b 05 df c9 71 00 48 c1 e8 20
0x00007ff8b3e30065:   89 47 04 48 8b 83 80 6e 02 00 48 39 70 70 40 0f
0x00007ff8b3e30075:   95 c6 c1 e6 08 33 37 81 e6 00 01 00 00 31 37 48 


Register to memory mapping:

RAX=0x0000000000000000 is an unknown value
RBX=0x0000000022520080 is an unknown value
RCX=0x0000000000000fac is an unknown value
RDX=0x00000000225feaa0 is an unknown value
RSP=0x000000001fb8dfa0 is pointing into the stack for thread: 0x000000001f089000
RBP=0x0000000000000010 is an unknown value
RSI=0x0000000000000000 is an unknown value
RDI=0x00000000227acffc is an unknown value
R8 =0x0000000000000010 is an unknown value
R9 =0x00007ff8b3900000 is an unknown value
R10=0x00000000268b5c30 is an unknown value
R11=0x00000000268bbf78 is an unknown value
R12=0x0000000000000000 is an unknown value
R13=0x3fef4cfc327a036d is an unknown value
R14=0x0000000000000000 is an unknown value
R15=0x000000001f089000 is a thread


Stack: [0x000000001fa90000,0x000000001fb90000],  sp=0x000000001fb8dfa0,  free space=1015k
Native frames: (J=compiled Java code, j=interpreted, Vv=VM code, C=native code)
C  [ig9icd64.dll+0x530065]
C  [ig9icd64.dll+0x2897aa]
C  [ig9icd64.dll+0x2892d5]
C  [ig9icd64.dll+0x1a3948]
C  [ig9icd64.dll+0xa38b3]
C  [jogl.dll+0xc2e0]
C  0x00000000027af247

Java frames: (J=compiled Java code, j=interpreted, Vv=VM code)
J 570  com.sun.opengl.impl.GLImpl.glLineWidth(F)V (0 bytes) @ 0x00000000027af1bf [0x00000000027af180+0x3f]
J 898 C2 javax.media.opengl.GLCanvas$DisplayAction.run()V (84 bytes) @ 0x00000000028a1b94 [0x00000000028a15e0+0x5b4]
J 902 C2 com.sun.opengl.impl.GLDrawableHelper.invokeGL(Ljavax/media/opengl/GLDrawable;Ljavax/media/opengl/GLContext;Ljava/lang/Runnable;Ljava/lang/Runnable;)V (498 bytes) @ 0x00000000028b0a0c [0x00000000028b03c0+0x64c]
J 920 C2 java.awt.EventQueue$3.run()Ljava/lang/Object; (5 bytes) @ 0x00000000028bf7d0 [0x00000000028bf480+0x350]
v  ~StubRoutines::call_stub
J 689  java.security.AccessController.doPrivileged(Ljava/security/PrivilegedAction;Ljava/security/AccessControlContext;)Ljava/lang/Object; (0 bytes) @ 0x00000000027e9226 [0x00000000027e91c0+0x66]
J 886 C2 java.awt.EventDispatchThread.pumpOneEventForFilters(I)V (295 bytes) @ 0x00000000028940e0 [0x0000000002893060+0x1080]
J 922% C1 java.awt.EventDispatchThread.pumpEventsForFilter(ILjava/awt/Conditional;Ljava/awt/EventFilter;)V (47 bytes) @ 0x00000000028b522c [0x00000000028b4f20+0x30c]
j  java.awt.EventDispatchThread.pumpEventsForHierarchy(ILjava/awt/Conditional;Ljava/awt/Component;)V+11
j  java.awt.EventDispatchThread.pumpEvents(ILjava/awt/Conditional;)V+4
j  java.awt.EventDispatchThread.pumpEvents(Ljava/awt/Conditional;)V+3
j  java.awt.EventDispatchThread.run()V+9
v  ~StubRoutines::call_stub

---------------  P R O C E S S  ---------------

Java Threads: ( => current thread )
  0x000000001f08f000 JavaThread "Thread-2" [_thread_blocked, id=3040, stack(0x0000000026e40000,0x0000000026f40000)]
  0x000000001f089800 JavaThread "DestroyJavaVM" [_thread_blocked, id=8664, stack(0x0000000002360000,0x0000000002460000)]
=>0x000000001f089000 JavaThread "AWT-EventQueue-0" [_thread_in_native, id=1556, stack(0x000000001fa90000,0x000000001fb90000)]
  0x000000001ef18800 JavaThread "AWT-Windows" daemon [_thread_in_native, id=14672, stack(0x000000001f830000,0x000000001f930000)]
  0x000000001ef15800 JavaThread "AWT-Shutdown" [_thread_blocked, id=13516, stack(0x000000001f730000,0x000000001f830000)]
  0x000000001ef15000 JavaThread "Java2D Disposer" daemon [_thread_blocked, id=1900, stack(0x000000001f630000,0x000000001f730000)]
  0x000000001df24800 JavaThread "Service Thread" daemon [_thread_blocked, id=5592, stack(0x000000001ea80000,0x000000001eb80000)]
  0x000000001de99000 JavaThread "C1 CompilerThread3" daemon [_thread_blocked, id=10616, stack(0x000000001e980000,0x000000001ea80000)]
  0x000000001de93000 JavaThread "C2 CompilerThread2" daemon [_thread_blocked, id=5404, stack(0x000000001e880000,0x000000001e980000)]
  0x000000001de91000 JavaThread "C2 CompilerThread1" daemon [_thread_blocked, id=14416, stack(0x000000001e780000,0x000000001e880000)]
  0x000000001de8e000 JavaThread "C2 CompilerThread0" daemon [_thread_blocked, id=13664, stack(0x000000001e680000,0x000000001e780000)]
  0x000000001de88800 JavaThread "Attach Listener" daemon [_thread_blocked, id=1236, stack(0x000000001e580000,0x000000001e680000)]
  0x000000001de87800 JavaThread "Signal Dispatcher" daemon [_thread_blocked, id=3228, stack(0x000000001e480000,0x000000001e580000)]
  0x0000000002559800 JavaThread "Finalizer" daemon [_thread_blocked, id=13280, stack(0x000000001e260000,0x000000001e360000)]
  0x0000000002558000 JavaThread "Reference Handler" daemon [_thread_blocked, id=8556, stack(0x000000001dd60000,0x000000001de60000)]

Other Threads:
  0x000000001bf9a800 VMThread [stack: 0x000000001dc60000,0x000000001dd60000] [id=13092]
  0x000000001df55800 WatcherThread [stack: 0x000000001ece0000,0x000000001ede0000] [id=1788]

VM state:not at safepoint (normal execution)

VM Mutex/Monitor currently owned by a thread: None

Heap:
 PSYoungGen      total 57856K, used 27440K [0x000000076b300000, 0x000000076f100000, 0x00000007c0000000)
  eden space 54272K, 50% used [0x000000076b300000,0x000000076cdbc170,0x000000076e800000)
  from space 3584K, 1% used [0x000000076ed80000,0x000000076ed90000,0x000000076f100000)
  to   space 4608K, 0% used [0x000000076e800000,0x000000076e800000,0x000000076ec80000)
 ParOldGen       total 175104K, used 2667K [0x00000006c1800000, 0x00000006cc300000, 0x000000076b300000)
  object space 175104K, 1% used [0x00000006c1800000,0x00000006c1a9acd0,0x00000006cc300000)
 Metaspace       used 11552K, capacity 11734K, committed 11904K, reserved 1060864K
  class space    used 1225K, capacity 1294K, committed 1408K, reserved 1048576K

Card table byte_map: [0x0000000011920000,0x0000000012120000] byte_map_base: 0x000000000e314000

Marking Bits: (ParMarkBitMap*) 0x00000000647cc720
 Begin Bits: [0x0000000012e70000, 0x0000000016e10000)
 End Bits:   [0x0000000016e10000, 0x000000001adb0000)

Polling page: 0x0000000000610000

CodeCache: size=245760Kb used=3447Kb max_used=3460Kb free=242312Kb
 bounds [0x0000000002560000, 0x00000000028d0000, 0x0000000011560000]
 total_blobs=1524 nmethods=927 adapters=510
 compilation: enabled

Compilation events (10 events):
Event: 70.712 Thread 0x000000001de99000  923 % !   3       com.sun.opengl.util.Animator$MainLoop::run @ 0 (166 bytes)
Event: 70.714 Thread 0x000000001de99000 nmethod 923% 0x00000000028bd3d0 code [0x00000000028bd620, 0x00000000028be6e8]
Event: 71.311 Thread 0x000000001de99000  924       3       java.awt.EventDispatchThread::pumpEventsForFilter (47 bytes)
Event: 71.312 Thread 0x000000001de99000 nmethod 924 0x00000000028a6850 code [0x00000000028a6a00, 0x00000000028a6f18]
Event: 71.939 Thread 0x000000001de99000  925   !   3       com.sun.opengl.util.Animator$MainLoop::run (166 bytes)
Event: 71.941 Thread 0x000000001de99000 nmethod 925 0x00000000028c1650 code [0x00000000028c18a0, 0x00000000028c2888]
Event: 94.236 Thread 0x000000001de8e000  926 % !   4       com.sun.opengl.util.Animator$MainLoop::run @ 0 (166 bytes)
Event: 94.251 Thread 0x000000001de8e000 nmethod 926% 0x00000000028c5250 code [0x00000000028c5420, 0x00000000028c5c30]
Event: 114.888 Thread 0x000000001de93000  927       4       sun.java2d.loops.GraphicsPrimitiveMgr$2::compare (39 bytes)
Event: 114.889 Thread 0x000000001de93000 nmethod 927 0x00000000028b49d0 code [0x00000000028b4b20, 0x00000000028b4bf8]

GC Heap History (10 events):
Event: 79.664 GC heap before
{Heap before GC invocations=10 (full 0):
 PSYoungGen      total 64000K, used 59520K [0x000000076b300000, 0x000000076f780000, 0x00000007c0000000)
  eden space 59392K, 100% used [0x000000076b300000,0x000000076ed00000,0x000000076ed00000)
  from space 4608K, 2% used [0x000000076ee80000,0x000000076eea0000,0x000000076f300000)
  to   space 4608K, 0% used [0x000000076f300000,0x000000076f300000,0x000000076f780000)
 ParOldGen       total 175104K, used 2667K [0x00000006c1800000, 0x00000006cc300000, 0x000000076b300000)
  object space 175104K, 1% used [0x00000006c1800000,0x00000006c1a9acd0,0x00000006cc300000)
 Metaspace       used 11544K, capacity 11734K, committed 11904K, reserved 1060864K
  class space    used 1224K, capacity 1294K, committed 1408K, reserved 1048576K
Event: 79.665 GC heap after
Heap after GC invocations=10 (full 0):
 PSYoungGen      total 60416K, used 64K [0x000000076b300000, 0x000000076f500000, 0x00000007c0000000)
  eden space 58368K, 0% used [0x000000076b300000,0x000000076b300000,0x000000076ec00000)
  from space 2048K, 3% used [0x000000076f300000,0x000000076f310000,0x000000076f500000)
  to   space 4608K, 0% used [0x000000076ec00000,0x000000076ec00000,0x000000076f080000)
 ParOldGen       total 175104K, used 2667K [0x00000006c1800000, 0x00000006cc300000, 0x000000076b300000)
  object space 175104K, 1% used [0x00000006c1800000,0x00000006c1a9acd0,0x00000006cc300000)
 Metaspace       used 11544K, capacity 11734K, committed 11904K, reserved 1060864K
  class space    used 1224K, capacity 1294K, committed 1408K, reserved 1048576K
}
Event: 86.832 GC heap before
{Heap before GC invocations=11 (full 0):
 PSYoungGen      total 60416K, used 58432K [0x000000076b300000, 0x000000076f500000, 0x00000007c0000000)
  eden space 58368K, 100% used [0x000000076b300000,0x000000076ec00000,0x000000076ec00000)
  from space 2048K, 3% used [0x000000076f300000,0x000000076f310000,0x000000076f500000)
  to   space 4608K, 0% used [0x000000076ec00000,0x000000076ec00000,0x000000076f080000)
 ParOldGen       total 175104K, used 2667K [0x00000006c1800000, 0x00000006cc300000, 0x000000076b300000)
  object space 175104K, 1% used [0x00000006c1800000,0x00000006c1a9acd0,0x00000006cc300000)
 Metaspace       used 11544K, capacity 11734K, committed 11904K, reserved 1060864K
  class space    used 1224K, capacity 1294K, committed 1408K, reserved 1048576K
Event: 86.833 GC heap after
Heap after GC invocations=11 (full 0):
 PSYoungGen      total 57856K, used 64K [0x000000076b300000, 0x000000076f400000, 0x00000007c0000000)
  eden space 57344K, 0% used [0x000000076b300000,0x000000076b300000,0x000000076eb00000)
  from space 512K, 12% used [0x000000076ec00000,0x000000076ec10000,0x000000076ec80000)
  to   space 4608K, 0% used [0x000000076ef80000,0x000000076ef80000,0x000000076f400000)
 ParOldGen       total 175104K, used 2667K [0x00000006c1800000, 0x00000006cc300000, 0x000000076b300000)
  object space 175104K, 1% used [0x00000006c1800000,0x00000006c1a9acd0,0x00000006cc300000)
 Metaspace       used 11544K, capacity 11734K, committed 11904K, reserved 1060864K
  class space    used 1224K, capacity 1294K, committed 1408K, reserved 1048576K
}
Event: 93.812 GC heap before
{Heap before GC invocations=12 (full 0):
 PSYoungGen      total 57856K, used 57408K [0x000000076b300000, 0x000000076f400000, 0x00000007c0000000)
  eden space 57344K, 100% used [0x000000076b300000,0x000000076eb00000,0x000000076eb00000)
  from space 512K, 12% used [0x000000076ec00000,0x000000076ec10000,0x000000076ec80000)
  to   space 4608K, 0% used [0x000000076ef80000,0x000000076ef80000,0x000000076f400000)
 ParOldGen       total 175104K, used 2667K [0x00000006c1800000, 0x00000006cc300000, 0x000000076b300000)
  object space 175104K, 1% used [0x00000006c1800000,0x00000006c1a9acd0,0x00000006cc300000)
 Metaspace       used 11544K, capacity 11734K, committed 11904K, reserved 1060864K
  class space    used 1224K, capacity 1294K, committed 1408K, reserved 1048576K
Event: 93.813 GC heap after
Heap after GC invocations=12 (full 0):
 PSYoungGen      total 59904K, used 96K [0x000000076b300000, 0x000000076f300000, 0x00000007c0000000)
  eden space 56320K, 0% used [0x000000076b300000,0x000000076b300000,0x000000076ea00000)
  from space 3584K, 2% used [0x000000076ef80000,0x000000076ef98000,0x000000076f300000)
  to   space 4608K, 0% used [0x000000076ea00000,0x000000076ea00000,0x000000076ee80000)
 ParOldGen       total 175104K, used 2667K [0x00000006c1800000, 0x00000006cc300000, 0x000000076b300000)
  object space 175104K, 1% used [0x00000006c1800000,0x00000006c1a9acd0,0x00000006cc300000)
 Metaspace       used 11544K, capacity 11734K, committed 11904K, reserved 1060864K
  class space    used 1224K, capacity 1294K, committed 1408K, reserved 1048576K
}
Event: 100.884 GC heap before
{Heap before GC invocations=13 (full 0):
 PSYoungGen      total 59904K, used 56416K [0x000000076b300000, 0x000000076f300000, 0x00000007c0000000)
  eden space 56320K, 100% used [0x000000076b300000,0x000000076ea00000,0x000000076ea00000)
  from space 3584K, 2% used [0x000000076ef80000,0x000000076ef98000,0x000000076f300000)
  to   space 4608K, 0% used [0x000000076ea00000,0x000000076ea00000,0x000000076ee80000)
 ParOldGen       total 175104K, used 2667K [0x00000006c1800000, 0x00000006cc300000, 0x000000076b300000)
  object space 175104K, 1% used [0x00000006c1800000,0x00000006c1a9acd0,0x00000006cc300000)
 Metaspace       used 11544K, capacity 11734K, committed 11904K, reserved 1060864K
  class space    used 1224K, capacity 1294K, committed 1408K, reserved 1048576K
Event: 100.885 GC heap after
Heap after GC invocations=13 (full 0):
 PSYoungGen      total 55808K, used 96K [0x000000076b300000, 0x000000076f200000, 0x00000007c0000000)
  eden space 55296K, 0% used [0x000000076b300000,0x000000076b300000,0x000000076e900000)
  from space 512K, 18% used [0x000000076ea00000,0x000000076ea18000,0x000000076ea80000)
  to   space 4608K, 0% used [0x000000076ed80000,0x000000076ed80000,0x000000076f200000)
 ParOldGen       total 175104K, used 2667K [0x00000006c1800000, 0x00000006cc300000, 0x000000076b300000)
  object space 175104K, 1% used [0x00000006c1800000,0x00000006c1a9acd0,0x00000006cc300000)
 Metaspace       used 11544K, capacity 11734K, committed 11904K, reserved 1060864K
  class space    used 1224K, capacity 1294K, committed 1408K, reserved 1048576K
}
Event: 107.277 GC heap before
{Heap before GC invocations=14 (full 0):
 PSYoungGen      total 55808K, used 55392K [0x000000076b300000, 0x000000076f200000, 0x00000007c0000000)
  eden space 55296K, 100% used [0x000000076b300000,0x000000076e900000,0x000000076e900000)
  from space 512K, 18% used [0x000000076ea00000,0x000000076ea18000,0x000000076ea80000)
  to   space 4608K, 0% used [0x000000076ed80000,0x000000076ed80000,0x000000076f200000)
 ParOldGen       total 175104K, used 2667K [0x00000006c1800000, 0x00000006cc300000, 0x000000076b300000)
  object space 175104K, 1% used [0x00000006c1800000,0x00000006c1a9acd0,0x00000006cc300000)
 Metaspace       used 11544K, capacity 11734K, committed 11904K, reserved 1060864K
  class space    used 1224K, capacity 1294K, committed 1408K, reserved 1048576K
Event: 107.278 GC heap after
Heap after GC invocations=14 (full 0):
 PSYoungGen      total 57856K, used 64K [0x000000076b300000, 0x000000076f100000, 0x00000007c0000000)
  eden space 54272K, 0% used [0x000000076b300000,0x000000076b300000,0x000000076e800000)
  from space 3584K, 1% used [0x000000076ed80000,0x000000076ed90000,0x000000076f100000)
  to   space 4608K, 0% used [0x000000076e800000,0x000000076e800000,0x000000076ec80000)
 ParOldGen       total 175104K, used 2667K [0x00000006c1800000, 0x00000006cc300000, 0x000000076b300000)
  object space 175104K, 1% used [0x00000006c1800000,0x00000006c1a9acd0,0x00000006cc300000)
 Metaspace       used 11544K, capacity 11734K, committed 11904K, reserved 1060864K
  class space    used 1224K, capacity 1294K, committed 1408K, reserved 1048576K
}

Deoptimization events (10 events):
Event: 10.227 Thread 0x000000001f089000 Uncommon trap: reason=class_check action=maybe_recompile pc=0x00000000028915f4 method=java.awt.EventQueue.dispatchEventImpl(Ljava/awt/AWTEvent;Ljava/lang/Object;)V @ 30
Event: 10.227 Thread 0x000000001f089000 Uncommon trap: reason=class_check action=maybe_recompile pc=0x00000000028871f0 method=java.awt.EventQueue.setCurrentEventAndMostRecentTimeImpl(Ljava/awt/AWTEvent;)V @ 128
Event: 10.227 Thread 0x000000001f089000 Uncommon trap: reason=class_check action=maybe_recompile pc=0x00000000028871f0 method=java.awt.EventQueue.setCurrentEventAndMostRecentTimeImpl(Ljava/awt/AWTEvent;)V @ 128
Event: 10.231 Thread 0x000000001f089000 Uncommon trap: reason=class_check action=maybe_recompile pc=0x000000000288c880 method=java.awt.EventQueue.getAccessControlContextFrom(Ljava/lang/Object;)Ljava/security/AccessControlContext; @ 8
Event: 10.232 Thread 0x000000001f089000 Uncommon trap: reason=class_check action=maybe_recompile pc=0x00000000028915f4 method=java.awt.EventQueue.dispatchEventImpl(Ljava/awt/AWTEvent;Ljava/lang/Object;)V @ 30
Event: 10.235 Thread 0x000000001f089000 Uncommon trap: reason=class_check action=maybe_recompile pc=0x00000000028915cc method=java.awt.EventQueue.setCurrentEventAndMostRecentTimeImpl(Ljava/awt/AWTEvent;)V @ 128
Event: 114.886 Thread 0x000000001f089000 Uncommon trap: reason=class_check action=maybe_recompile pc=0x00000000028bfe28 method=java.awt.event.InvocationEvent.dispatch()V @ 47
Event: 114.987 Thread 0x000000001f089000 Uncommon trap: reason=unstable_if action=reinterpret pc=0x00000000028711f8 method=java.awt.EventQueue.getPriority(Ljava/awt/AWTEvent;)I @ 71
Event: 114.987 Thread 0x000000001f089000 Uncommon trap: reason=class_check action=maybe_recompile pc=0x0000000002895ce8 method=java.awt.EventQueue.uncacheEQItem(Lsun/awt/EventQueueItem;)V @ 20
Event: 114.988 Thread 0x000000001f089000 Uncommon trap: reason=unstable_if action=reinterpret pc=0x000000000289c9e0 method=java.awt.EventQueue.getPriority(Ljava/awt/AWTEvent;)I @ 71

Internal exceptions (10 events):
Event: 0.071 Thread 0x0000000002461000 Exception <a 'java/io/FileNotFoundException'> (0x000000076b35ba80) thrown at [C:\re\workspace\8-2-build-windows-amd64-cygwin\jdk8u131\8869\hotspot\src\share\vm\prims\jni.cpp, line 709]
Event: 0.158 Thread 0x0000000002461000 Exception <a 'java/security/PrivilegedActionException'> (0x000000076b7258e0) thrown at [C:\re\workspace\8-2-build-windows-amd64-cygwin\jdk8u131\8869\hotspot\src\share\vm\prims\jvm.cpp, line 1390]
Event: 0.158 Thread 0x0000000002461000 Exception <a 'java/security/PrivilegedActionException'> (0x000000076b725af0) thrown at [C:\re\workspace\8-2-build-windows-amd64-cygwin\jdk8u131\8869\hotspot\src\share\vm\prims\jvm.cpp, line 1390]
Event: 0.159 Thread 0x0000000002461000 Exception <a 'java/security/PrivilegedActionException'> (0x000000076b729a00) thrown at [C:\re\workspace\8-2-build-windows-amd64-cygwin\jdk8u131\8869\hotspot\src\share\vm\prims\jvm.cpp, line 1390]
Event: 0.159 Thread 0x0000000002461000 Exception <a 'java/security/PrivilegedActionException'> (0x000000076b729c10) thrown at [C:\re\workspace\8-2-build-windows-amd64-cygwin\jdk8u131\8869\hotspot\src\share\vm\prims\jvm.cpp, line 1390]
Event: 0.163 Thread 0x0000000002461000 Exception <a 'java/io/FileNotFoundException'> (0x000000076b72cba0) thrown at [C:\re\workspace\8-2-build-windows-amd64-cygwin\jdk8u131\8869\hotspot\src\share\vm\prims\jni.cpp, line 709]
Event: 0.191 Thread 0x0000000002461000 Exception <a 'java/lang/NoSuchFieldError': method resolution failed> (0x000000076b7fa168) thrown at [C:\re\workspace\8-2-build-windows-amd64-cygwin\jdk8u131\8869\hotspot\src\share\vm\prims\methodHandles.cpp, line 1146]
Event: 0.192 Thread 0x0000000002461000 Exception <a 'java/lang/NoSuchFieldError': method resolution failed> (0x000000076b807538) thrown at [C:\re\workspace\8-2-build-windows-amd64-cygwin\jdk8u131\8869\hotspot\src\share\vm\prims\methodHandles.cpp, line 1146]
Event: 0.226 Thread 0x0000000002461000 Exception <a 'java/io/FileNotFoundException'> (0x000000076b89fb40) thrown at [C:\re\workspace\8-2-build-windows-amd64-cygwin\jdk8u131\8869\hotspot\src\share\vm\prims\jni.cpp, line 709]
Event: 0.339 Thread 0x0000000002461000 Implicit null exception at 0x0000000002707055 to 0x000000000270724d

Events (10 events):
Event: 114.886 loading class java/util/WeakHashMap$KeyIterator done
Event: 114.987 Thread 0x000000001f089000 Uncommon trap: trap_request=0xffffff65 fr.pc=0x00000000028711f8
Event: 114.987 Thread 0x000000001f089000 DEOPT PACKING pc=0x00000000028711f8 sp=0x000000001fb8edc0
Event: 114.987 Thread 0x000000001f089000 DEOPT UNPACKING pc=0x00000000025a582a sp=0x000000001fb8ece0 mode 2
Event: 114.987 Thread 0x000000001f089000 Uncommon trap: trap_request=0xffffffde fr.pc=0x0000000002895ce8
Event: 114.987 Thread 0x000000001f089000 DEOPT PACKING pc=0x0000000002895ce8 sp=0x000000001fb8eef0
Event: 114.987 Thread 0x000000001f089000 DEOPT UNPACKING pc=0x00000000025a582a sp=0x000000001fb8ed88 mode 2
Event: 114.988 Thread 0x000000001f089000 Uncommon trap: trap_request=0xffffff65 fr.pc=0x000000000289c9e0
Event: 114.988 Thread 0x000000001f089000 DEOPT PACKING pc=0x000000000289c9e0 sp=0x000000001fb8ed10
Event: 114.988 Thread 0x000000001f089000 DEOPT UNPACKING pc=0x00000000025a582a sp=0x000000001fb8ecb8 mode 2


Dynamic libraries:
0x00007ff691510000 - 0x00007ff691547000 	C:\Program Files\Java\jdk1.8.0_131\jre\bin\java.exe
0x00007ff900300000 - 0x00007ff9004ed000 	C:\WINDOWS\SYSTEM32\ntdll.dll
0x00007ff8ff610000 - 0x00007ff8ff6c3000 	C:\WINDOWS\System32\KERNEL32.DLL
0x00007ff8fc600000 - 0x00007ff8fc893000 	C:\WINDOWS\System32\KERNELBASE.dll
0x00007ff8ffdd0000 - 0x00007ff8ffe73000 	C:\WINDOWS\System32\ADVAPI32.dll
0x00007ff8fec20000 - 0x00007ff8fecbe000 	C:\WINDOWS\System32\msvcrt.dll
0x00007ff9001a0000 - 0x00007ff90023e000 	C:\WINDOWS\System32\sechost.dll
0x00007ff8fea20000 - 0x00007ff8feb42000 	C:\WINDOWS\System32\RPCRT4.dll
0x00007ff8ff200000 - 0x00007ff8ff397000 	C:\WINDOWS\System32\USER32.dll
0x00007ff8fc3d0000 - 0x00007ff8fc3f0000 	C:\WINDOWS\System32\win32u.dll
0x00007ff900240000 - 0x00007ff900269000 	C:\WINDOWS\System32\GDI32.dll
0x00007ff8fd2e0000 - 0x00007ff8fd47a000 	C:\WINDOWS\System32\gdi32full.dll
0x00007ff8fcff0000 - 0x00007ff8fd090000 	C:\WINDOWS\System32\msvcp_win.dll
0x00007ff8fd160000 - 0x00007ff8fd25c000 	C:\WINDOWS\System32\ucrtbase.dll
0x00007ff8eed10000 - 0x00007ff8eef89000 	C:\WINDOWS\WinSxS\amd64_microsoft.windows.common-controls_6595b64144ccf1df_6.0.17763.316_none_05b53be2071f46b6\COMCTL32.dll
0x00007ff8feed0000 - 0x00007ff8ff1fd000 	C:\WINDOWS\System32\combase.dll
0x00007ff8fd260000 - 0x00007ff8fd2de000 	C:\WINDOWS\System32\bcryptPrimitives.dll
0x00007ff8ff4e0000 - 0x00007ff8ff50e000 	C:\WINDOWS\System32\IMM32.DLL
0x0000000063ed0000 - 0x0000000063fa2000 	C:\Program Files\Java\jdk1.8.0_131\jre\bin\msvcr100.dll
0x0000000063fb0000 - 0x000000006484c000 	C:\Program Files\Java\jdk1.8.0_131\jre\bin\server\jvm.dll
0x00007ff8ff4d0000 - 0x00007ff8ff4d8000 	C:\WINDOWS\System32\PSAPI.DLL
0x00007ff8f76d0000 - 0x00007ff8f76da000 	C:\WINDOWS\SYSTEM32\VERSION.dll
0x00007ff8fb050000 - 0x00007ff8fb059000 	C:\WINDOWS\SYSTEM32\WSOCK32.dll
0x00007ff8f9aa0000 - 0x00007ff8f9ac4000 	C:\WINDOWS\SYSTEM32\WINMM.dll
0x00007ff8ff6d0000 - 0x00007ff8ff73d000 	C:\WINDOWS\System32\WS2_32.dll
0x00007ff8f98d0000 - 0x00007ff8f98fd000 	C:\WINDOWS\SYSTEM32\WINMMBASE.dll
0x00007ff8fd480000 - 0x00007ff8fd4ca000 	C:\WINDOWS\System32\cfgmgr32.dll
0x0000000063ec0000 - 0x0000000063ecf000 	C:\Program Files\Java\jdk1.8.0_131\jre\bin\verify.dll
0x0000000063e90000 - 0x0000000063eb9000 	C:\Program Files\Java\jdk1.8.0_131\jre\bin\java.dll
0x0000000063e70000 - 0x0000000063e86000 	C:\Program Files\Java\jdk1.8.0_131\jre\bin\zip.dll
0x00007ff8fd530000 - 0x00007ff8fea1f000 	C:\WINDOWS\System32\SHELL32.dll
0x00007ff8fecc0000 - 0x00007ff8fed68000 	C:\WINDOWS\System32\shcore.dll
0x00007ff8fc8a0000 - 0x00007ff8fcfea000 	C:\WINDOWS\System32\windows.storage.dll
0x00007ff8fc3a0000 - 0x00007ff8fc3c4000 	C:\WINDOWS\System32\profapi.dll
0x00007ff8fc340000 - 0x00007ff8fc39d000 	C:\WINDOWS\System32\powrprof.dll
0x00007ff8ff510000 - 0x00007ff8ff562000 	C:\WINDOWS\System32\shlwapi.dll
0x00007ff8fc320000 - 0x00007ff8fc331000 	C:\WINDOWS\System32\kernel.appcore.dll
0x00007ff8fd140000 - 0x00007ff8fd157000 	C:\WINDOWS\System32\cryptsp.dll
0x0000000064850000 - 0x00000000649e8000 	C:\Program Files\Java\jdk1.8.0_131\jre\bin\awt.dll
0x00007ff8feb50000 - 0x00007ff8fec1b000 	C:\WINDOWS\System32\OLEAUT32.dll
0x00007ff8f9b20000 - 0x00007ff8f9bac000 	C:\WINDOWS\SYSTEM32\apphelp.dll
0x00007ff8fa980000 - 0x00007ff8fa9ae000 	C:\WINDOWS\system32\DWMAPI.DLL
0x00007ff8fc420000 - 0x00007ff8fc5fb000 	C:\WINDOWS\System32\CRYPT32.dll
0x00007ff8fc300000 - 0x00007ff8fc312000 	C:\WINDOWS\System32\MSASN1.dll
0x00007ff8fa460000 - 0x00007ff8fa4fc000 	C:\WINDOWS\system32\uxtheme.dll
0x00007ff8e11a0000 - 0x00007ff8e12c7000 	C:\WINDOWS\system32\opengl32.dll
0x00007ff8f3270000 - 0x00007ff8f329c000 	C:\WINDOWS\SYSTEM32\GLU32.dll
0x00007ff8fffb0000 - 0x00007ff90011a000 	C:\WINDOWS\System32\MSCTF.dll
0x00007ff8fed70000 - 0x00007ff8feec5000 	C:\WINDOWS\System32\ole32.dll
0x000000001fa30000 - 0x000000001fa8a000 	C:\Users\delag\AppData\Roaming\NetBeans\8.2\jogl-runtime\jogl.jar-natives-windows-amd64\jogl.dll
0x0000000064ea0000 - 0x0000000064f69000 	C:\WINDOWS\WinSxS\amd64_microsoft.vc80.crt_1fc8b3b9a1e18e3b_8.0.50727.9554_none_88e038cb2fae7c50\MSVCR80.dll
0x0000000064e50000 - 0x0000000064e97000 	C:\Program Files\Java\jdk1.8.0_131\jre\bin\fontmanager.dll
0x00007ff8eec70000 - 0x00007ff8eed05000 	C:\WINDOWS\System32\TextInputFramework.dll
0x00007ff8f5090000 - 0x00007ff8f53b2000 	C:\WINDOWS\System32\CoreUIComponents.dll
0x00007ff8f9150000 - 0x00007ff8f9232000 	C:\WINDOWS\System32\CoreMessaging.dll
0x00007ff8fb3a0000 - 0x00007ff8fb3d1000 	C:\WINDOWS\SYSTEM32\ntmarta.dll
0x00007ff8f7560000 - 0x00007ff8f76b3000 	C:\WINDOWS\SYSTEM32\wintypes.dll
0x0000000064d90000 - 0x0000000064d97000 	C:\Program Files\Java\jdk1.8.0_131\jre\bin\jawt.dll
0x000000001fbd0000 - 0x000000001fbd7000 	C:\Users\delag\AppData\Roaming\NetBeans\8.2\jogl-runtime\jogl.jar-natives-windows-amd64\jogl_awt.dll
0x00007ff8b3900000 - 0x00007ff8b464a000 	C:\WINDOWS\System32\DriverStore\FileRepository\igdlh64.inf_amd64_463164d40c3d26ce\ig9icd64.dll
0x00007ff8faf10000 - 0x00007ff8faf23000 	C:\WINDOWS\SYSTEM32\WTSAPI32.dll
0x00007ff8ef1a0000 - 0x00007ff8f02fd000 	C:\WINDOWS\System32\DriverStore\FileRepository\igdlh64.inf_amd64_463164d40c3d26ce\igc64.dll
0x00007ff8faf80000 - 0x00007ff8fb042000 	C:\WINDOWS\SYSTEM32\dxgi.dll
0x00007ff8f8210000 - 0x00007ff8f848e000 	C:\WINDOWS\SYSTEM32\d3d11.dll
0x00007ff8f1aa0000 - 0x00007ff8f301c000 	C:\WINDOWS\System32\DriverStore\FileRepository\igdlh64.inf_amd64_463164d40c3d26ce\igd10iumd64.dll
0x00007ff8fc3f0000 - 0x00007ff8fc416000 	C:\WINDOWS\System32\bcrypt.dll
0x00007ff8fbe50000 - 0x00007ff8fbe76000 	C:\WINDOWS\SYSTEM32\ncrypt.dll
0x00007ff8fbe10000 - 0x00007ff8fbe4c000 	C:\WINDOWS\SYSTEM32\NTASN1.dll
0x00007ff8fb9a0000 - 0x00007ff8fb9f8000 	C:\WINDOWS\SYSTEM32\WINSTA.dll
0x00007ff8fab70000 - 0x00007ff8fad5d000 	C:\WINDOWS\SYSTEM32\dbghelp.dll

VM Arguments:
jvm_args: -Dfile.encoding=Cp1252 -Djava.library.path=C:\Users\delag\AppData\Roaming\NetBeans\8.2\jogl-runtime\jogl.jar-natives-windows-amd64;C:\Users\delag\AppData\Roaming\NetBeans\8.2\gluegen-runtime\gluegen-rt.jar-natives-windows-amd64 
java_command: lib2D.PR1
java_class_path (initial): C:\Users\delag\AppData\Roaming\NetBeans\8.2\gluegen-runtime\gluegen-rt.jar;C:\Users\delag\AppData\Roaming\NetBeans\8.2\jogl-runtime\jogl.jar;D:\Universidad\4º Curso\Algoritmos geometricos\Practicas\2018 - 2019\Practica 1\PR1_ALG_GEOM\PR1\build\classes
Launcher Type: SUN_STANDARD

Environment Variables:
JAVA_HOME=C:\Program Files\Java\jdk1.8.0_131
PATH=C:\Program Files (x86)\Common Files\Oracle\Java\javapath;C:\ProgramData\Oracle\Java\javapath;C:\Windows;C:\Windows\system32;C:\Windows\System32\Wbem;C:\Windows\System32\WindowsPowerShell\v1.0;C:\Program Files (x86)\Graphviz2.38\bin;C:\Program Files (x86)\Java\jre1.8.0_73\bin;C:\Program Files (x86)\Skype\Phone\;C:\Program Files\Git\cmd;C:\Program Files (x86)\NVIDIA Corporation\PhysX\Common;C:\Program Files\Microsoft SQL Server\110\Tools\Binn\;C:\Program Files (x86)\GtkSharp\2.12\bin;C:\Program Files\PuTTY\;C:\WINDOWS\system32;C:\WINDOWS;C:\WINDOWS\System32\Wbem;C:\WINDOWS\System32\WindowsPowerShell\v1.0\;C:\Program Files\Intel\WiFi\bin\;C:\Program Files\Common Files\Intel\WirelessCommon\;C:\Program Files\Microsoft SQL Server\130\Tools\Binn\;C:\ADB\;C:\Users\delag\AppData\Local\atom\bin;C:\Users\delag\AppData\Local\Microsoft\WindowsApps;C:\adb;C:\WINDOWS\system32;C:\WINDOWS;C:\WINDOWS\System32\Wbem;C:\WINDOWS\System32\WindowsPowerShell\v1.0\;C:\WINDOWS\System32\OpenSSH\;C:\Users\delag\AppData\Local\atom\bin;%USERPROFILE%\AppData\Local\Microsoft\WindowsApps;
USERNAME=delag
OS=Windows_NT
PROCESSOR_IDENTIFIER=Intel64 Family 6 Model 94 Stepping 3, GenuineIntel



---------------  S Y S T E M  ---------------

OS: Windows 10.0 , 64 bit Build 17763 (10.0.17763.292)

CPU:total 8 (initial active 8) (4 cores per cpu, 2 threads per core) family 6 model 94 stepping 3, cmov, cx8, fxsr, mmx, sse, sse2, sse3, ssse3, sse4.1, sse4.2, popcnt, avx, avx2, aes, clmul, erms, rtm, 3dnowpref, lzcnt, ht, tsc, tscinvbit, bmi1, bmi2, adx

Memory: 4k page, physical 16673316k(11197976k free), swap 19163684k(12345960k free)

vm_info: Java HotSpot(TM) 64-Bit Server VM (25.131-b11) for windows-amd64 JRE (1.8.0_131-b11), built on Mar 15 2017 01:23:53 by "java_re" with MS VC++ 10.0 (VS2010)

time: Tue Feb 26 16:20:34 2019
elapsed time: 115 seconds (0d 0h 1m 55s)

